<?xml version="1.0" encoding="UTF-8"?>
<!-- Generated by org.testng.reporters.JUnitXMLReporter -->
<testsuite hostname="DESKTOP-ITCH5MF" name="Login Test" tests="8" failures="1" timestamp="13 Mar 2020 18:56:53 GMT" time="94.475" errors="0">
  <testcase name="checkloginpageTitle" time="25.948" classname="com.bitm.NewtoursAutomationMaven.Test.LoginTest"/>
  <testcase name="loginTest" time="25.748" classname="com.bitm.NewtoursAutomationMaven.Test.LoginTest"/>
  <testcase name="checkFlightFinderTitle" time="0.186" classname="com.bitm.NewtoursAutomationMaven.Test.FlightFinderTest"/>
  <testcase name="flightFinderTest" time="2.283" classname="com.bitm.NewtoursAutomationMaven.Test.FlightFinderTest"/>
  <testcase name="checkFlightSelectionPageTitle" time="0.079" classname="com.bitm.NewtoursAutomationMaven.Test.FlightSelection"/>
  <testcase name="FlightSelectionTest" time="4.746" classname="com.bitm.NewtoursAutomationMaven.Test.FlightSelection"/>
  <testcase name="checkFlightBookPageTitle" time="10.118" classname="com.bitm.NewtoursAutomationMaven.Test.FlightBookTest">
    <failure type="org.openqa.selenium.TimeoutException" message="Expected condition failed: waiting for element to be clickable: By.xpath: //body//b//input[2] (tried for 5 second(s) with 500 milliseconds interval)">
      <![CDATA[org.openqa.selenium.TimeoutException: Expected condition failed: waiting for element to be clickable: By.xpath: //body//b//input[2] (tried for 5 second(s) with 500 milliseconds interval)
	at org.openqa.selenium.support.ui.WebDriverWait.timeoutException(WebDriverWait.java:95)
	at org.openqa.selenium.support.ui.FluentWait.until(FluentWait.java:272)
	at com.bitm.NewtoursAutomationMaven.Test.FlightBookTest.checkFlightBookPageTitle(FlightBookTest.java:35)
Caused by: org.openqa.selenium.NoSuchElementException: Unable to locate element: //body//b//input[2]
For documentation on this error, please visit: https://www.seleniumhq.org/exceptions/no_such_element.html
Build info: version: '3.141.59', revision: 'e82be7d358', time: '2018-11-14T08:17:03'
System info: host: 'DESKTOP-ITCH5MF', ip: '192.168.0.103', os.name: 'Windows 10', os.arch: 'amd64', os.version: '10.0', java.version: '1.8.0_231'
Driver info: org.openqa.selenium.firefox.FirefoxDriver
Capabilities {acceptInsecureCerts: true, browserName: firefox, browserVersion: 73.0.1, javascriptEnabled: true, moz:accessibilityChecks: false, moz:buildID: 20200217142647, moz:geckodriverVersion: 0.26.0, moz:headless: false, moz:processID: 15276, moz:profile: C:\Users\moham\AppData\Loca..., moz:shutdownTimeout: 60000, moz:useNonSpecCompliantPointerOrigin: false, moz:webdriverClick: true, pageLoadStrategy: normal, platform: WINDOWS, platformName: WINDOWS, platformVersion: 10.0, rotatable: false, setWindowRect: true, strictFileInteractability: false, timeouts: {implicit: 0, pageLoad: 300000, script: 30000}, unhandledPromptBehavior: dismiss and notify}
Session ID: 11f41c03-34f0-4f80-bb7a-4be4e8bb93cf
*** Element info: {Using=xpath, value=//body//b//input[2]}
	at org.openqa.selenium.remote.http.W3CHttpResponseCodec.createException(W3CHttpResponseCodec.java:187)
	at org.openqa.selenium.remote.http.W3CHttpResponseCodec.decode(W3CHttpResponseCodec.java:122)
	at org.openqa.selenium.remote.http.W3CHttpResponseCodec.decode(W3CHttpResponseCodec.java:49)
	at org.openqa.selenium.remote.HttpCommandExecutor.execute(HttpCommandExecutor.java:158)
	at org.openqa.selenium.remote.service.DriverCommandExecutor.execute(DriverCommandExecutor.java:83)
	at org.openqa.selenium.remote.RemoteWebDriver.execute(RemoteWebDriver.java:552)
	at org.openqa.selenium.remote.RemoteWebDriver.findElement(RemoteWebDriver.java:323)
	at org.openqa.selenium.remote.RemoteWebDriver.findElementByXPath(RemoteWebDriver.java:428)
	at org.openqa.selenium.By$ByXPath.findElement(By.java:353)
	at org.openqa.selenium.remote.RemoteWebDriver.findElement(RemoteWebDriver.java:315)
	at org.openqa.selenium.support.ui.ExpectedConditions$7.apply(ExpectedConditions.java:205)
	at org.openqa.selenium.support.ui.ExpectedConditions$7.apply(ExpectedConditions.java:201)
	at org.openqa.selenium.support.ui.ExpectedConditions$22.apply(ExpectedConditions.java:641)
	at org.openqa.selenium.support.ui.ExpectedConditions$22.apply(ExpectedConditions.java:638)
	at org.openqa.selenium.support.ui.FluentWait.until(FluentWait.java:249)
	... 26 more
... Removed 29 stack frames]]>
    </failure>
  </testcase> <!-- checkFlightBookPageTitle -->
  <testcase name="flightBookTest" time="22.906" classname="com.bitm.NewtoursAutomationMaven.Test.FlightBookTest"/>
</testsuite> <!-- Login Test -->
